07/12/2022 19:04:19 (Std) 	+-+-+-+-+-+-+-+-+-+-+-+-+-+-+-+-+-+-+-+-+-+-+-+-+-+-+-+-+-+-+-+-+-+-+-+-+-+-+-+
07/12/2022 19:04:19 (Std) 	+                     Crazy Eddie's GUI System - Event log                    +
07/12/2022 19:04:19 (Std) 	+                          (http://www.cegui.org.uk/)                         +
07/12/2022 19:04:19 (Std) 	+-+-+-+-+-+-+-+-+-+-+-+-+-+-+-+-+-+-+-+-+-+-+-+-+-+-+-+-+-+-+-+-+-+-+-+-+-+-+-+

07/12/2022 19:04:19 (Std) 	CEGUI::Logger singleton created. (0000029077261FA0)
07/12/2022 19:04:19 (Std) 	
07/12/2022 19:04:19 (Std) 	********************************************************************************
07/12/2022 19:04:19 (Std) 	* Important:                                                                   *
07/12/2022 19:04:19 (Std) 	*     To get support at the CEGUI forums, you must post _at least_ the section *
07/12/2022 19:04:19 (Std) 	*     of this log file indicated below.  Failure to do this will result in no  *
07/12/2022 19:04:19 (Std) 	*     support being given; please do not waste our time.                       *
07/12/2022 19:04:19 (Std) 	********************************************************************************
07/12/2022 19:04:19 (Std) 	********************************************************************************
07/12/2022 19:04:19 (Std) 	* -------- START OF ESSENTIAL SECTION TO BE POSTED ON THE FORUM       -------- *
07/12/2022 19:04:19 (Std) 	********************************************************************************
07/12/2022 19:04:19 (Std) 	---- Version: 0.8.4 (Build: Mar 27 2021 Debug Microsoft Windows MSVC++ Great Scott! 64 bit) ----
07/12/2022 19:04:19 (Std) 	---- Renderer module is: CEGUI::OpenGL3Renderer - Official OpenGL 3.2 core based renderer module.  TextureTarget support enabled via FBO OGL 3.2 core implementation. ----
07/12/2022 19:04:19 (Std) 	---- XML Parser module is: CEGUI::ExpatParser - Official expat based parser module for CEGUI ----
07/12/2022 19:04:19 (Std) 	---- Image Codec module is: SILLYImageCodec - Official SILLY based image codec ----
07/12/2022 19:04:19 (Std) 	---- Scripting module is: None ----
07/12/2022 19:04:19 (Std) 	********************************************************************************
07/12/2022 19:04:19 (Std) 	* -------- END OF ESSENTIAL SECTION TO BE POSTED ON THE FORUM         -------- *
07/12/2022 19:04:19 (Std) 	********************************************************************************
07/12/2022 19:04:19 (Std) 	
07/12/2022 19:04:19 (Std) 	---- Begining CEGUI System initialisation ----
07/12/2022 19:04:19 (Std) 	[CEGUI::ImageManager] Singleton created (0000029077261380)
07/12/2022 19:04:19 (Std) 	[CEGUI::ImageManager] Registered Image type: BasicImage
07/12/2022 19:04:19 (Std) 	CEGUI::FontManager singleton created. (000002907723EF90)
07/12/2022 19:04:19 (Std) 	CEGUI::WindowFactoryManager singleton created
07/12/2022 19:04:19 (Std) 	CEGUI::WindowManager singleton created (000002907198FA80)
07/12/2022 19:04:19 (Std) 	CEGUI::SchemeManager singleton created. (000002907723D7D0)
07/12/2022 19:04:19 (Std) 	CEGUI::GlobalEventSet singleton created. (00000290771103B0)
07/12/2022 19:04:19 (Std) 	CEGUI::AnimationManager singleton created (000002907198FB40)
07/12/2022 19:04:19 (Std) 	CEGUI::WidgetLookManager singleton created. (00000290741C6590)
07/12/2022 19:04:19 (Std) 	CEGUI::WindowRendererManager singleton created (00000290741C65F0)
07/12/2022 19:04:19 (Std) 	CEGUI::RenderEffectManager singleton created (000002907710C530)
07/12/2022 19:04:19 (Std) 	Created WindowFactory for 'DefaultWindow' windows.
07/12/2022 19:04:19 (Std) 	WindowFactory for 'DefaultWindow' windows added. (00000290741C2610)
07/12/2022 19:04:19 (Std) 	Created WindowFactory for 'DragContainer' windows.
07/12/2022 19:04:19 (Std) 	WindowFactory for 'DragContainer' windows added. (00000290741C2B10)
07/12/2022 19:04:19 (Std) 	Created WindowFactory for 'ScrolledContainer' windows.
07/12/2022 19:04:19 (Std) 	WindowFactory for 'ScrolledContainer' windows added. (00000290741C1810)
07/12/2022 19:04:19 (Std) 	Created WindowFactory for 'ClippedContainer' windows.
07/12/2022 19:04:19 (Std) 	WindowFactory for 'ClippedContainer' windows added. (00000290741C1610)
07/12/2022 19:04:19 (Std) 	Created WindowFactory for 'CEGUI/PushButton' windows.
07/12/2022 19:04:19 (Std) 	WindowFactory for 'CEGUI/PushButton' windows added. (00000290741C2F10)
07/12/2022 19:04:19 (Std) 	Created WindowFactory for 'CEGUI/RadioButton' windows.
07/12/2022 19:04:19 (Std) 	WindowFactory for 'CEGUI/RadioButton' windows added. (00000290741C2C10)
07/12/2022 19:04:19 (Std) 	Created WindowFactory for 'CEGUI/Combobox' windows.
07/12/2022 19:04:19 (Std) 	WindowFactory for 'CEGUI/Combobox' windows added. (00000290741C3010)
07/12/2022 19:04:19 (Std) 	Created WindowFactory for 'CEGUI/ComboDropList' windows.
07/12/2022 19:04:19 (Std) 	WindowFactory for 'CEGUI/ComboDropList' windows added. (00000290741C3110)
07/12/2022 19:04:19 (Std) 	Created WindowFactory for 'CEGUI/Editbox' windows.
07/12/2022 19:04:19 (Std) 	WindowFactory for 'CEGUI/Editbox' windows added. (00000290741C1310)
07/12/2022 19:04:19 (Std) 	Created WindowFactory for 'CEGUI/FrameWindow' windows.
07/12/2022 19:04:19 (Std) 	WindowFactory for 'CEGUI/FrameWindow' windows added. (00000290741C1510)
07/12/2022 19:04:19 (Std) 	Created WindowFactory for 'CEGUI/ItemEntry' windows.
07/12/2022 19:04:19 (Std) 	WindowFactory for 'CEGUI/ItemEntry' windows added. (00000290741C1710)
07/12/2022 19:04:19 (Std) 	Created WindowFactory for 'CEGUI/Listbox' windows.
07/12/2022 19:04:19 (Std) 	WindowFactory for 'CEGUI/Listbox' windows added. (00000290741C1B10)
07/12/2022 19:04:19 (Std) 	Created WindowFactory for 'CEGUI/ListHeader' windows.
07/12/2022 19:04:19 (Std) 	WindowFactory for 'CEGUI/ListHeader' windows added. (00000290741C1910)
07/12/2022 19:04:19 (Std) 	Created WindowFactory for 'CEGUI/ListHeaderSegment' windows.
07/12/2022 19:04:19 (Std) 	WindowFactory for 'CEGUI/ListHeaderSegment' windows added. (0000029077247610)
07/12/2022 19:04:19 (Std) 	Created WindowFactory for 'CEGUI/Menubar' windows.
07/12/2022 19:04:19 (Std) 	WindowFactory for 'CEGUI/Menubar' windows added. (0000029077245510)
07/12/2022 19:04:19 (Std) 	Created WindowFactory for 'CEGUI/PopupMenu' windows.
07/12/2022 19:04:19 (Std) 	WindowFactory for 'CEGUI/PopupMenu' windows added. (0000029077245C10)
07/12/2022 19:04:19 (Std) 	Created WindowFactory for 'CEGUI/MenuItem' windows.
07/12/2022 19:04:19 (Std) 	WindowFactory for 'CEGUI/MenuItem' windows added. (0000029077247710)
07/12/2022 19:04:19 (Std) 	Created WindowFactory for 'CEGUI/MultiColumnList' windows.
07/12/2022 19:04:19 (Std) 	WindowFactory for 'CEGUI/MultiColumnList' windows added. (0000029077248410)
07/12/2022 19:04:19 (Std) 	Created WindowFactory for 'CEGUI/MultiLineEditbox' windows.
07/12/2022 19:04:19 (Std) 	WindowFactory for 'CEGUI/MultiLineEditbox' windows added. (0000029077245310)
07/12/2022 19:04:19 (Std) 	Created WindowFactory for 'CEGUI/ProgressBar' windows.
07/12/2022 19:04:19 (Std) 	WindowFactory for 'CEGUI/ProgressBar' windows added. (0000029077246D10)
07/12/2022 19:04:19 (Std) 	Created WindowFactory for 'CEGUI/ScrollablePane' windows.
07/12/2022 19:04:19 (Std) 	WindowFactory for 'CEGUI/ScrollablePane' windows added. (0000029077247010)
07/12/2022 19:04:19 (Std) 	Created WindowFactory for 'CEGUI/Scrollbar' windows.
07/12/2022 19:04:19 (Std) 	WindowFactory for 'CEGUI/Scrollbar' windows added. (0000029077248810)
07/12/2022 19:04:19 (Std) 	Created WindowFactory for 'CEGUI/Slider' windows.
07/12/2022 19:04:19 (Std) 	WindowFactory for 'CEGUI/Slider' windows added. (0000029077247310)
07/12/2022 19:04:19 (Std) 	Created WindowFactory for 'CEGUI/Spinner' windows.
07/12/2022 19:04:19 (Std) 	WindowFactory for 'CEGUI/Spinner' windows added. (0000029077245D10)
07/12/2022 19:04:19 (Std) 	Created WindowFactory for 'CEGUI/TabButton' windows.
07/12/2022 19:04:19 (Std) 	WindowFactory for 'CEGUI/TabButton' windows added. (0000029077246E10)
07/12/2022 19:04:19 (Std) 	Created WindowFactory for 'CEGUI/TabControl' windows.
07/12/2022 19:04:19 (Std) 	WindowFactory for 'CEGUI/TabControl' windows added. (0000029077245610)
07/12/2022 19:04:19 (Std) 	Created WindowFactory for 'CEGUI/Thumb' windows.
07/12/2022 19:04:19 (Std) 	WindowFactory for 'CEGUI/Thumb' windows added. (0000029077248910)
07/12/2022 19:04:19 (Std) 	Created WindowFactory for 'CEGUI/Titlebar' windows.
07/12/2022 19:04:19 (Std) 	WindowFactory for 'CEGUI/Titlebar' windows added. (0000029077245A10)
07/12/2022 19:04:19 (Std) 	Created WindowFactory for 'CEGUI/ToggleButton' windows.
07/12/2022 19:04:19 (Std) 	WindowFactory for 'CEGUI/ToggleButton' windows added. (0000029077247410)
07/12/2022 19:04:19 (Std) 	Created WindowFactory for 'CEGUI/Tooltip' windows.
07/12/2022 19:04:19 (Std) 	WindowFactory for 'CEGUI/Tooltip' windows added. (0000029077246310)
07/12/2022 19:04:19 (Std) 	Created WindowFactory for 'CEGUI/ItemListbox' windows.
07/12/2022 19:04:19 (Std) 	WindowFactory for 'CEGUI/ItemListbox' windows added. (0000029077248C10)
07/12/2022 19:04:19 (Std) 	Created WindowFactory for 'CEGUI/GroupBox' windows.
07/12/2022 19:04:19 (Std) 	WindowFactory for 'CEGUI/GroupBox' windows added. (0000029077246F10)
07/12/2022 19:04:19 (Std) 	Created WindowFactory for 'CEGUI/Tree' windows.
07/12/2022 19:04:19 (Std) 	WindowFactory for 'CEGUI/Tree' windows added. (0000029077247110)
07/12/2022 19:04:19 (Std) 	Created WindowFactory for 'LayoutCell' windows.
07/12/2022 19:04:19 (Std) 	WindowFactory for 'LayoutCell' windows added. (0000029077245710)
07/12/2022 19:04:19 (Std) 	Created WindowFactory for 'HorizontalLayoutContainer' windows.
07/12/2022 19:04:19 (Std) 	WindowFactory for 'HorizontalLayoutContainer' windows added. (0000029077249010)
07/12/2022 19:04:19 (Std) 	Created WindowFactory for 'VerticalLayoutContainer' windows.
07/12/2022 19:04:19 (Std) 	WindowFactory for 'VerticalLayoutContainer' windows added. (0000029077246410)
07/12/2022 19:04:19 (Std) 	Created WindowFactory for 'GridLayoutContainer' windows.
07/12/2022 19:04:19 (Std) 	WindowFactory for 'GridLayoutContainer' windows added. (0000029077247910)
07/12/2022 19:04:19 (Std) 	CEGUI::System singleton created. (0000029077108EC0)
07/12/2022 19:04:19 (Std) 	---- CEGUI System initialisation completed ----
07/12/2022 19:04:19 (Std) 	
07/12/2022 19:04:19 (Std) 	Started creation of Scheme from XML specification:
07/12/2022 19:04:19 (Std) 	---- CEGUI GUIScheme name: AlfiskoSkin
07/12/2022 19:04:19 (Std) 	[ImageManager] Started creation of Imageset from XML specification:
07/12/2022 19:04:19 (Std) 	[ImageManager] ---- CEGUI Imageset name: AlfiskoSkin
07/12/2022 19:04:19 (Std) 	[ImageManager] ---- Source texture file: AlfiskoSkin.png
07/12/2022 19:04:19 (Std) 	[ImageManager] ---- Source texture resource group: (Default)
07/12/2022 19:04:19 (Std) 	[OpenGLRenderer] Created texture: AlfiskoSkin
07/12/2022 19:04:19 (Std) 	[ImageManager] Created image: 'AlfiskoSkin/WindowB' (00000290771706A0) of type: BasicImage
07/12/2022 19:04:19 (Std) 	[ImageManager] Created image: 'AlfiskoSkin/WindowL' (00000290771707F0) of type: BasicImage
07/12/2022 19:04:19 (Std) 	[ImageManager] Created image: 'AlfiskoSkin/WindowR' (0000029077171900) of type: BasicImage
07/12/2022 19:04:19 (Std) 	[ImageManager] Created image: 'AlfiskoSkin/WindowT' (0000029077170940) of type: BasicImage
07/12/2022 19:04:19 (Std) 	[ImageManager] Created image: 'AlfiskoSkin/EditboxB' (0000029077170D30) of type: BasicImage
07/12/2022 19:04:19 (Std) 	[ImageManager] Created image: 'AlfiskoSkin/EditboxL' (0000029077171270) of type: BasicImage
07/12/2022 19:04:19 (Std) 	[ImageManager] Created image: 'AlfiskoSkin/EditboxR' (00000290771720E0) of type: BasicImage
07/12/2022 19:04:19 (Std) 	[ImageManager] Created image: 'AlfiskoSkin/EditboxT' (0000029077171660) of type: BasicImage
07/12/2022 19:04:19 (Std) 	[ImageManager] Created image: 'AlfiskoSkin/WindowBL' (0000029077170E80) of type: BasicImage
07/12/2022 19:04:19 (Std) 	[ImageManager] Created image: 'AlfiskoSkin/WindowBR' (0000029077170A90) of type: BasicImage
07/12/2022 19:04:19 (Std) 	[ImageManager] Created image: 'AlfiskoSkin/WindowTL' (0000029077171A50) of type: BasicImage
07/12/2022 19:04:19 (Std) 	[ImageManager] Created image: 'AlfiskoSkin/WindowTR' (0000029077171E40) of type: BasicImage
07/12/2022 19:04:19 (Std) 	[ImageManager] Created image: 'AlfiskoSkin/EditboxBL' (00000290771717B0) of type: BasicImage
07/12/2022 19:04:19 (Std) 	[ImageManager] Created image: 'AlfiskoSkin/EditboxBR' (0000029077171120) of type: BasicImage
07/12/2022 19:04:19 (Std) 	[ImageManager] Created image: 'AlfiskoSkin/EditboxTL' (0000029077171BA0) of type: BasicImage
07/12/2022 19:04:19 (Std) 	[ImageManager] Created image: 'AlfiskoSkin/EditboxTR' (0000029077171CF0) of type: BasicImage
07/12/2022 19:04:19 (Std) 	[ImageManager] Created image: 'AlfiskoSkin/MouseMove' (0000029077171F90) of type: BasicImage
07/12/2022 19:04:19 (Std) 	[ImageManager] Created image: 'AlfiskoSkin/MouseNeSw' (0000029077278E60) of type: BasicImage
07/12/2022 19:04:19 (Std) 	[ImageManager] Created image: 'AlfiskoSkin/NewImage1' (0000029077277AB0) of type: BasicImage
07/12/2022 19:04:19 (Std) 	[ImageManager] Created image: 'AlfiskoSkin/MouseArrow' (0000029077278140) of type: BasicImage
07/12/2022 19:04:19 (Std) 	[ImageManager] Created image: 'AlfiskoSkin/WindowFill' (0000029077278BC0) of type: BasicImage
07/12/2022 19:04:19 (Std) 	[ImageManager] Created image: 'AlfiskoSkin/EditboxFill' (0000029077279790) of type: BasicImage
07/12/2022 19:04:19 (Std) 	[ImageManager] Created image: 'AlfiskoSkin/WindowClipB' (0000029077277D50) of type: BasicImage
07/12/2022 19:04:19 (Std) 	[ImageManager] Created image: 'AlfiskoSkin/WindowClipL' (0000029077278D10) of type: BasicImage
07/12/2022 19:04:19 (Std) 	[ImageManager] Created image: 'AlfiskoSkin/WindowClipR' (00000290772794F0) of type: BasicImage
07/12/2022 19:04:19 (Std) 	[ImageManager] Created image: 'AlfiskoSkin/WindowClipT' (00000290772787D0) of type: BasicImage
07/12/2022 19:04:19 (Std) 	[ImageManager] Created image: 'AlfiskoSkin/ButtonHoverB' (0000029077277C00) of type: BasicImage
07/12/2022 19:04:19 (Std) 	[ImageManager] Created image: 'AlfiskoSkin/ButtonHoverL' (0000029077277EA0) of type: BasicImage
07/12/2022 19:04:19 (Std) 	[ImageManager] Created image: 'AlfiskoSkin/ButtonHoverR' (0000029077278290) of type: BasicImage
07/12/2022 19:04:19 (Std) 	[ImageManager] Created image: 'AlfiskoSkin/ButtonHoverT' (0000029077278FB0) of type: BasicImage
07/12/2022 19:04:19 (Std) 	[ImageManager] Created image: 'AlfiskoSkin/GenericBrush' (0000029077277FF0) of type: BasicImage
07/12/2022 19:04:19 (Std) 	[ImageManager] Created image: 'AlfiskoSkin/MouseTextBar' (0000029077278A70) of type: BasicImage
07/12/2022 19:04:19 (Std) 	[ImageManager] Created image: 'AlfiskoSkin/ButtonHoverBL' (00000290772783E0) of type: BasicImage
07/12/2022 19:04:19 (Std) 	[ImageManager] Created image: 'AlfiskoSkin/ButtonHoverBR' (00000290772793A0) of type: BasicImage
07/12/2022 19:04:19 (Std) 	[ImageManager] Created image: 'AlfiskoSkin/ButtonHoverTL' (0000029077279100) of type: BasicImage
07/12/2022 19:04:19 (Std) 	[ImageManager] Created image: 'AlfiskoSkin/ButtonHoverTR' (0000029077279250) of type: BasicImage
07/12/2022 19:04:19 (Std) 	[ImageManager] Created image: 'AlfiskoSkin/ButtonNormalB' (0000029077278530) of type: BasicImage
07/12/2022 19:04:19 (Std) 	[ImageManager] Created image: 'AlfiskoSkin/ButtonNormalL' (0000029077279640) of type: BasicImage
07/12/2022 19:04:19 (Std) 	[ImageManager] Created image: 'AlfiskoSkin/ButtonNormalR' (0000029077278680) of type: BasicImage
07/12/2022 19:04:19 (Std) 	[ImageManager] Created image: 'AlfiskoSkin/ButtonNormalT' (0000029077278920) of type: BasicImage
07/12/2022 19:04:19 (Std) 	[ImageManager] Created image: 'AlfiskoSkin/ButtonPushedB' (00000290772798E0) of type: BasicImage
07/12/2022 19:04:19 (Std) 	[ImageManager] Created image: 'AlfiskoSkin/ButtonPushedL' (000002907727C160) of type: BasicImage
07/12/2022 19:04:19 (Std) 	[ImageManager] Created image: 'AlfiskoSkin/ButtonPushedR' (000002907727CD30) of type: BasicImage
07/12/2022 19:04:19 (Std) 	[ImageManager] Created image: 'AlfiskoSkin/ButtonPushedT' (000002907727D900) of type: BasicImage
07/12/2022 19:04:19 (Std) 	[ImageManager] Created image: 'AlfiskoSkin/CheckboxHover' (000002907727D510) of type: BasicImage
07/12/2022 19:04:19 (Std) 	[ImageManager] Created image: 'AlfiskoSkin/ProgressFullB' (000002907727CBE0) of type: BasicImage
07/12/2022 19:04:19 (Std) 	[ImageManager] Created image: 'AlfiskoSkin/ProgressFullL' (000002907727BEC0) of type: BasicImage
07/12/2022 19:04:19 (Std) 	[ImageManager] Created image: 'AlfiskoSkin/ProgressFullR' (000002907727CE80) of type: BasicImage
07/12/2022 19:04:19 (Std) 	[ImageManager] Created image: 'AlfiskoSkin/ProgressFullT' (000002907727D270) of type: BasicImage
07/12/2022 19:04:19 (Std) 	[ImageManager] Created image: 'AlfiskoSkin/ScrollUpHover' (000002907727CFD0) of type: BasicImage
07/12/2022 19:04:19 (Std) 	[ImageManager] Created image: 'AlfiskoSkin/ButtonNormalBL' (000002907727D7B0) of type: BasicImage
07/12/2022 19:04:19 (Std) 	[ImageManager] Created image: 'AlfiskoSkin/ButtonNormalBR' (000002907727C940) of type: BasicImage
07/12/2022 19:04:19 (Std) 	[ImageManager] Created image: 'AlfiskoSkin/ButtonNormalTL' (000002907727C6A0) of type: BasicImage
07/12/2022 19:04:19 (Std) 	[ImageManager] Created image: 'AlfiskoSkin/ButtonNormalTR' (000002907727D3C0) of type: BasicImage
07/12/2022 19:04:19 (Std) 	[ImageManager] Created image: 'AlfiskoSkin/ButtonPushedBL' (000002907727D120) of type: BasicImage
07/12/2022 19:04:19 (Std) 	[ImageManager] Created image: 'AlfiskoSkin/ButtonPushedBR' (000002907727BAD0) of type: BasicImage
07/12/2022 19:04:19 (Std) 	[ImageManager] Created image: 'AlfiskoSkin/ButtonPushedTL' (000002907727C010) of type: BasicImage
07/12/2022 19:04:19 (Std) 	[ImageManager] Created image: 'AlfiskoSkin/ButtonPushedTR' (000002907727C2B0) of type: BasicImage
07/12/2022 19:04:19 (Std) 	[ImageManager] Created image: 'AlfiskoSkin/CheckboxNormal' (000002907727D660) of type: BasicImage
07/12/2022 19:04:19 (Std) 	[ImageManager] Created image: 'AlfiskoSkin/HorzScrollbarB' (000002907727BC20) of type: BasicImage
07/12/2022 19:04:19 (Std) 	[ImageManager] Created image: 'AlfiskoSkin/HorzScrollbarT' (000002907727BD70) of type: BasicImage
07/12/2022 19:04:19 (Std) 	[ImageManager] Created image: 'AlfiskoSkin/ProgressEmptyB' (000002907727C400) of type: BasicImage
07/12/2022 19:04:19 (Std) 	[ImageManager] Created image: 'AlfiskoSkin/ProgressEmptyL' (000002907727C550) of type: BasicImage
07/12/2022 19:04:19 (Std) 	[ImageManager] Created image: 'AlfiskoSkin/ProgressEmptyR' (000002907727C7F0) of type: BasicImage
07/12/2022 19:04:19 (Std) 	[ImageManager] Created image: 'AlfiskoSkin/ProgressEmptyT' (000002907727CA90) of type: BasicImage
07/12/2022 19:04:19 (Std) 	[ImageManager] Created image: 'AlfiskoSkin/ProgressFullBL' (0000029077281920) of type: BasicImage
07/12/2022 19:04:19 (Std) 	[ImageManager] Created image: 'AlfiskoSkin/ProgressFullBR' (00000290772817D0) of type: BasicImage
07/12/2022 19:04:19 (Std) 	[ImageManager] Created image: 'AlfiskoSkin/ProgressFullTL' (0000029077281140) of type: BasicImage
07/12/2022 19:04:19 (Std) 	[ImageManager] Created image: 'AlfiskoSkin/ProgressFullTR' (0000029077281290) of type: BasicImage
07/12/2022 19:04:19 (Std) 	[ImageManager] Created image: 'AlfiskoSkin/ProgressShadow' (0000029077281680) of type: BasicImage
07/12/2022 19:04:19 (Std) 	[ImageManager] Created image: 'AlfiskoSkin/ScrollUpNormal' (00000290772806C0) of type: BasicImage
07/12/2022 19:04:19 (Std) 	[ImageManager] Created image: 'AlfiskoSkin/ScrollUpPushed' (000002907727FAF0) of type: BasicImage
07/12/2022 19:04:19 (Std) 	[ImageManager] Created image: 'AlfiskoSkin/TitlebarDummy1' (0000029077280420) of type: BasicImage
07/12/2022 19:04:19 (Std) 	[ImageManager] Created image: 'AlfiskoSkin/VertScrollbarL' (0000029077281530) of type: BasicImage
07/12/2022 19:04:19 (Std) 	[ImageManager] Created image: 'AlfiskoSkin/VertScrollbarR' (0000029077280810) of type: BasicImage
07/12/2022 19:04:19 (Std) 	[ImageManager] Created image: 'AlfiskoSkin/CheckboxChecked' (0000029077280AB0) of type: BasicImage
07/12/2022 19:04:19 (Std) 	[ImageManager] Created image: 'AlfiskoSkin/HorzThumbHoverB' (0000029077280FF0) of type: BasicImage
07/12/2022 19:04:19 (Std) 	[ImageManager] Created image: 'AlfiskoSkin/HorzThumbHoverT' (0000029077280960) of type: BasicImage
07/12/2022 19:04:19 (Std) 	[ImageManager] Created image: 'AlfiskoSkin/ProgressEmptyBL' (0000029077280C00) of type: BasicImage
07/12/2022 19:04:19 (Std) 	[ImageManager] Created image: 'AlfiskoSkin/ProgressEmptyBR' (0000029077280D50) of type: BasicImage
07/12/2022 19:04:19 (Std) 	[ImageManager] Created image: 'AlfiskoSkin/ProgressEmptyTL' (000002907727FD90) of type: BasicImage
07/12/2022 19:04:19 (Std) 	[ImageManager] Created image: 'AlfiskoSkin/ProgressEmptyTR' (00000290772802D0) of type: BasicImage
07/12/2022 19:04:19 (Std) 	[ImageManager] Created image: 'AlfiskoSkin/ScrollDownHover' (0000029077280EA0) of type: BasicImage
07/12/2022 19:04:19 (Std) 	[ImageManager] Created image: 'AlfiskoSkin/ScrollLeftHover' (000002907727FC40) of type: BasicImage
07/12/2022 19:04:19 (Std) 	[ImageManager] Created image: 'AlfiskoSkin/TitlebarActiveB' (00000290772813E0) of type: BasicImage
07/12/2022 19:04:19 (Std) 	[ImageManager] Created image: 'AlfiskoSkin/TitlebarActiveL' (0000029077280570) of type: BasicImage
07/12/2022 19:04:19 (Std) 	[ImageManager] Created image: 'AlfiskoSkin/TitlebarActiveR' (0000029077280030) of type: BasicImage
07/12/2022 19:04:19 (Std) 	[ImageManager] Created image: 'AlfiskoSkin/TitlebarActiveT' (000002907727FEE0) of type: BasicImage
07/12/2022 19:04:19 (Std) 	[ImageManager] Created image: 'AlfiskoSkin/VertThumbHoverL' (0000029077280180) of type: BasicImage
07/12/2022 19:04:19 (Std) 	[ImageManager] Created image: 'AlfiskoSkin/VertThumbHoverR' (0000029077282190) of type: BasicImage
07/12/2022 19:04:19 (Std) 	[ImageManager] Created image: 'AlfiskoSkin/ButtonHoverFill1' (00000290772822E0) of type: BasicImage
07/12/2022 19:04:19 (Std) 	[ImageManager] Created image: 'AlfiskoSkin/ButtonHoverFill2' (0000029077282580) of type: BasicImage
07/12/2022 19:04:19 (Std) 	[ImageManager] Created image: 'AlfiskoSkin/HorzSliderTrackL' (00000290772832A0) of type: BasicImage
07/12/2022 19:04:19 (Std) 	[ImageManager] Created image: 'AlfiskoSkin/HorzSliderTrackR' (00000290772837E0) of type: BasicImage
07/12/2022 19:04:19 (Std) 	[ImageManager] Created image: 'AlfiskoSkin/HorzThumbHoverBL' (0000029077282820) of type: BasicImage
07/12/2022 19:04:19 (Std) 	[ImageManager] Created image: 'AlfiskoSkin/HorzThumbHoverBR' (0000029077283930) of type: BasicImage
07/12/2022 19:04:19 (Std) 	[ImageManager] Created image: 'AlfiskoSkin/HorzThumbHoverTL' (0000029077281B00) of type: BasicImage
07/12/2022 19:04:19 (Std) 	[ImageManager] Created image: 'AlfiskoSkin/HorzThumbHoverTR' (0000029077282430) of type: BasicImage
07/12/2022 19:04:19 (Std) 	[ImageManager] Created image: 'AlfiskoSkin/HorzThumbNormalB' (00000290772826D0) of type: BasicImage
07/12/2022 19:04:19 (Std) 	[ImageManager] Created image: 'AlfiskoSkin/HorzThumbNormalT' (0000029077283150) of type: BasicImage
07/12/2022 19:04:19 (Std) 	[ImageManager] Created image: 'AlfiskoSkin/HorzThumbPushedB' (0000029077281C50) of type: BasicImage
07/12/2022 19:04:19 (Std) 	[ImageManager] Created image: 'AlfiskoSkin/HorzThumbPushedT' (0000029077283540) of type: BasicImage
07/12/2022 19:04:19 (Std) 	[ImageManager] Created image: 'AlfiskoSkin/HorzThumbShadowL' (0000029077283690) of type: BasicImage
07/12/2022 19:04:19 (Std) 	[ImageManager] Created image: 'AlfiskoSkin/HorzThumbShadowR' (0000029077281DA0) of type: BasicImage
07/12/2022 19:04:19 (Std) 	[ImageManager] Created image: 'AlfiskoSkin/ProgressFullFill' (0000029077282D60) of type: BasicImage
07/12/2022 19:04:19 (Std) 	[ImageManager] Created image: 'AlfiskoSkin/RadioButtonHover' (0000029077282970) of type: BasicImage
07/12/2022 19:04:19 (Std) 	[ImageManager] Created image: 'AlfiskoSkin/ScrollDownNormal' (0000029077283000) of type: BasicImage
07/12/2022 19:04:19 (Std) 	[ImageManager] Created image: 'AlfiskoSkin/ScrollDownPushed' (0000029077282AC0) of type: BasicImage
07/12/2022 19:04:19 (Std) 	[ImageManager] Created image: 'AlfiskoSkin/ScrollLeftNormal' (00000290772833F0) of type: BasicImage
07/12/2022 19:04:19 (Std) 	[ImageManager] Created image: 'AlfiskoSkin/ScrollLeftPushed' (0000029077281EF0) of type: BasicImage
07/12/2022 19:04:19 (Std) 	[ImageManager] Created image: 'AlfiskoSkin/ScrollRightHover' (0000029077282040) of type: BasicImage
07/12/2022 19:04:19 (Std) 	[ImageManager] Created image: 'AlfiskoSkin/TitlebarActiveBL' (0000029077282C10) of type: BasicImage
07/12/2022 19:04:19 (Std) 	[ImageManager] Created image: 'AlfiskoSkin/TitlebarActiveBR' (0000029077282EB0) of type: BasicImage
07/12/2022 19:04:19 (Std) 	[ImageManager] Created image: 'AlfiskoSkin/TitlebarActiveTL' (0000029079D75AD0) of type: BasicImage
07/12/2022 19:04:19 (Std) 	[ImageManager] Created image: 'AlfiskoSkin/TitlebarActiveTR' (0000029079D74DB0) of type: BasicImage
07/12/2022 19:04:19 (Std) 	[ImageManager] Created image: 'AlfiskoSkin/VertSliderTrackB' (0000029079D75050) of type: BasicImage
07/12/2022 19:04:19 (Std) 	[ImageManager] Created image: 'AlfiskoSkin/VertSliderTrackT' (0000029079D756E0) of type: BasicImage
07/12/2022 19:04:19 (Std) 	[ImageManager] Created image: 'AlfiskoSkin/VertThumbHoverBL' (0000029079D75980) of type: BasicImage
07/12/2022 19:04:19 (Std) 	[ImageManager] Created image: 'AlfiskoSkin/VertThumbHoverBR' (0000029079D75D70) of type: BasicImage
07/12/2022 19:04:19 (Std) 	[ImageManager] Created image: 'AlfiskoSkin/VertThumbHoverTL' (0000029079D74330) of type: BasicImage
07/12/2022 19:04:19 (Std) 	[ImageManager] Created image: 'AlfiskoSkin/VertThumbHoverTR' (0000029079D74F00) of type: BasicImage
07/12/2022 19:04:19 (Std) 	[ImageManager] Created image: 'AlfiskoSkin/VertThumbNormalL' (0000029079D74B10) of type: BasicImage
07/12/2022 19:04:19 (Std) 	[ImageManager] Created image: 'AlfiskoSkin/VertThumbNormalR' (0000029079D741E0) of type: BasicImage
07/12/2022 19:04:19 (Std) 	[ImageManager] Created image: 'AlfiskoSkin/VertThumbPushedL' (0000029079D75440) of type: BasicImage
07/12/2022 19:04:19 (Std) 	[ImageManager] Created image: 'AlfiskoSkin/VertThumbPushedR' (0000029079D75EC0) of type: BasicImage
07/12/2022 19:04:19 (Std) 	[ImageManager] Created image: 'AlfiskoSkin/VertThumbShadowB' (0000029079D75C20) of type: BasicImage
07/12/2022 19:04:19 (Std) 	[ImageManager] Created image: 'AlfiskoSkin/VertThumbShadowT' (0000029079D74480) of type: BasicImage
07/12/2022 19:04:19 (Std) 	[ImageManager] Created image: 'AlfiskoSkin/ButtonNormalFill1' (0000029079D74C60) of type: BasicImage
07/12/2022 19:04:19 (Std) 	[ImageManager] Created image: 'AlfiskoSkin/ButtonNormalFill2' (0000029079D74090) of type: BasicImage
07/12/2022 19:04:19 (Std) 	[ImageManager] Created image: 'AlfiskoSkin/ButtonPushedFill1' (0000029079D745D0) of type: BasicImage
07/12/2022 19:04:19 (Std) 	[ImageManager] Created image: 'AlfiskoSkin/ButtonPushedFill2' (0000029079D74870) of type: BasicImage
07/12/2022 19:04:19 (Std) 	[ImageManager] Created image: 'AlfiskoSkin/CloseButtonNormal' (0000029079D751A0) of type: BasicImage
07/12/2022 19:04:19 (Std) 	[ImageManager] Created image: 'AlfiskoSkin/CloseButtonPushed' (0000029079D74720) of type: BasicImage
07/12/2022 19:04:19 (Std) 	[ImageManager] Created image: 'AlfiskoSkin/HorzSliderShadowL' (0000029079D749C0) of type: BasicImage
07/12/2022 19:04:19 (Std) 	[ImageManager] Created image: 'AlfiskoSkin/HorzSliderShadowR' (0000029079D752F0) of type: BasicImage
07/12/2022 19:04:19 (Std) 	[ImageManager] Created image: 'AlfiskoSkin/HorzThumbNormalBL' (0000029079D75590) of type: BasicImage
07/12/2022 19:04:19 (Std) 	[ImageManager] Created image: 'AlfiskoSkin/HorzThumbNormalBR' (0000029079D75830) of type: BasicImage
07/12/2022 19:04:19 (Std) 	[ImageManager] Created image: 'AlfiskoSkin/HorzThumbNormalTL' (0000029079D77300) of type: BasicImage
07/12/2022 19:04:19 (Std) 	[ImageManager] Created image: 'AlfiskoSkin/HorzThumbNormalTR' (0000029079D76DC0) of type: BasicImage
07/12/2022 19:04:19 (Std) 	[ImageManager] Created image: 'AlfiskoSkin/HorzThumbPushedBL' (0000029079D76F10) of type: BasicImage
07/12/2022 19:04:19 (Std) 	[ImageManager] Created image: 'AlfiskoSkin/HorzThumbPushedBR' (0000029079D771B0) of type: BasicImage
07/12/2022 19:04:19 (Std) 	[ImageManager] Created image: 'AlfiskoSkin/HorzThumbPushedTL' (0000029079D77ED0) of type: BasicImage
07/12/2022 19:04:19 (Std) 	[ImageManager] Created image: 'AlfiskoSkin/HorzThumbPushedTR' (0000029079D77C30) of type: BasicImage
07/12/2022 19:04:19 (Std) 	[ImageManager] Created image: 'AlfiskoSkin/ProgressEmptyFill' (0000029079D77060) of type: BasicImage
07/12/2022 19:04:19 (Std) 	[ImageManager] Created image: 'AlfiskoSkin/RadioButtonNormal' (0000029079D760A0) of type: BasicImage
07/12/2022 19:04:19 (Std) 	[ImageManager] Created image: 'AlfiskoSkin/ScrollRightNormal' (0000029079D77450) of type: BasicImage
07/12/2022 19:04:19 (Std) 	[ImageManager] Created image: 'AlfiskoSkin/ScrollRightPushed' (0000029079D761F0) of type: BasicImage
07/12/2022 19:04:19 (Std) 	[ImageManager] Created image: 'AlfiskoSkin/TitlebarInactiveB' (0000029079D775A0) of type: BasicImage
07/12/2022 19:04:19 (Std) 	[ImageManager] Created image: 'AlfiskoSkin/TitlebarInactiveL' (0000029079D76490) of type: BasicImage
07/12/2022 19:04:19 (Std) 	[ImageManager] Created image: 'AlfiskoSkin/TitlebarInactiveR' (0000029079D776F0) of type: BasicImage
07/12/2022 19:04:19 (Std) 	[ImageManager] Created image: 'AlfiskoSkin/TitlebarInactiveT' (0000029079D76C70) of type: BasicImage
07/12/2022 19:04:19 (Std) 	[ImageManager] Created image: 'AlfiskoSkin/VertSliderShadowB' (0000029079D77840) of type: BasicImage
07/12/2022 19:04:19 (Std) 	[ImageManager] Created image: 'AlfiskoSkin/VertSliderShadowT' (0000029079D76340) of type: BasicImage
07/12/2022 19:04:19 (Std) 	[ImageManager] Created image: 'AlfiskoSkin/VertThumbNormalBL' (0000029079D77990) of type: BasicImage
07/12/2022 19:04:19 (Std) 	[ImageManager] Created image: 'AlfiskoSkin/VertThumbNormalBR' (0000029079D77D80) of type: BasicImage
07/12/2022 19:04:19 (Std) 	[ImageManager] Created image: 'AlfiskoSkin/VertThumbNormalTL' (0000029079D77AE0) of type: BasicImage
07/12/2022 19:04:19 (Std) 	[ImageManager] Created image: 'AlfiskoSkin/VertThumbNormalTR' (0000029079D765E0) of type: BasicImage
07/12/2022 19:04:19 (Std) 	[ImageManager] Created image: 'AlfiskoSkin/VertThumbPushedBL' (0000029079D76730) of type: BasicImage
07/12/2022 19:04:19 (Std) 	[ImageManager] Created image: 'AlfiskoSkin/VertThumbPushedBR' (0000029079D76880) of type: BasicImage
07/12/2022 19:04:19 (Std) 	[ImageManager] Created image: 'AlfiskoSkin/VertThumbPushedTL' (0000029079D769D0) of type: BasicImage
07/12/2022 19:04:19 (Std) 	[ImageManager] Created image: 'AlfiskoSkin/VertThumbPushedTR' (0000029079D76B20) of type: BasicImage
07/12/2022 19:04:19 (Std) 	[ImageManager] Created image: 'AlfiskoSkin/HorzScrollbarFill1' (0000029079D7C360) of type: BasicImage
07/12/2022 19:04:19 (Std) 	[ImageManager] Created image: 'AlfiskoSkin/HorzScrollbarFill2' (0000029079D7DC50) of type: BasicImage
07/12/2022 19:04:19 (Std) 	[ImageManager] Created image: 'AlfiskoSkin/RadioButtonChecked' (0000029079D7DDA0) of type: BasicImage
07/12/2022 19:04:19 (Std) 	[ImageManager] Created image: 'AlfiskoSkin/TitlebarInactiveBL' (0000029079D7DEF0) of type: BasicImage
07/12/2022 19:04:19 (Std) 	[ImageManager] Created image: 'AlfiskoSkin/TitlebarInactiveBR' (0000029079D7C0C0) of type: BasicImage
07/12/2022 19:04:19 (Std) 	[ImageManager] Created image: 'AlfiskoSkin/TitlebarInactiveTL' (0000029079D7CF30) of type: BasicImage
07/12/2022 19:04:19 (Std) 	[ImageManager] Created image: 'AlfiskoSkin/TitlebarInactiveTR' (0000029079D7D080) of type: BasicImage
07/12/2022 19:04:19 (Std) 	[ImageManager] Created image: 'AlfiskoSkin/VertScrollbarFill1' (0000029079D7D5C0) of type: BasicImage
07/12/2022 19:04:19 (Std) 	[ImageManager] Created image: 'AlfiskoSkin/VertScrollbarFill2' (0000029079D7D470) of type: BasicImage
07/12/2022 19:04:19 (Std) 	[ImageManager] Created image: 'AlfiskoSkin/HorzSliderTrackFill' (0000029079D7C8A0) of type: BasicImage
07/12/2022 19:04:19 (Std) 	[ImageManager] Created image: 'AlfiskoSkin/TitlebarActiveFill1' (0000029079D7CB40) of type: BasicImage
07/12/2022 19:04:19 (Std) 	[ImageManager] Created image: 'AlfiskoSkin/TitlebarActiveFill2' (0000029079D7C4B0) of type: BasicImage
07/12/2022 19:04:19 (Std) 	[ImageManager] Created image: 'AlfiskoSkin/VertSliderTrackFill' (0000029079D7D860) of type: BasicImage
07/12/2022 19:04:19 (Std) 	[ImageManager] Created image: 'AlfiskoSkin/HorzSliderThumbHover' (0000029079D7C210) of type: BasicImage
07/12/2022 19:04:19 (Std) 	[ImageManager] Created image: 'AlfiskoSkin/VertSliderThumbHover' (0000029079D7C600) of type: BasicImage
07/12/2022 19:04:19 (Std) 	[ImageManager] Created image: 'AlfiskoSkin/HorzSliderThumbNormal' (0000029079D7CC90) of type: BasicImage
07/12/2022 19:04:19 (Std) 	[ImageManager] Created image: 'AlfiskoSkin/HorzSliderThumbPushed' (0000029079D7D320) of type: BasicImage
07/12/2022 19:04:19 (Std) 	[ImageManager] Created image: 'AlfiskoSkin/TitlebarInactiveFill1' (0000029079D7D1D0) of type: BasicImage
07/12/2022 19:04:19 (Std) 	[ImageManager] Created image: 'AlfiskoSkin/TitlebarInactiveFill2' (0000029079D7C750) of type: BasicImage
07/12/2022 19:04:19 (Std) 	[ImageManager] Created image: 'AlfiskoSkin/VertSliderThumbNormal' (0000029079D7D710) of type: BasicImage
07/12/2022 19:04:19 (Std) 	[ImageManager] Created image: 'AlfiskoSkin/VertSliderThumbPushed' (0000029079D7C9F0) of type: BasicImage
07/12/2022 19:04:19 (Std) 	===== Falagard 'root' element: look and feel parsing begins =====
07/12/2022 19:04:19 (Std) 	===== Look and feel parsing completed =====
07/12/2022 19:04:19 (Std) 	No window renderer factories specified for module 'CEGUICoreWindowRendererSet' - adding all available factories...
07/12/2022 19:04:19 (Std) 	Created WindowRendererFactory for 'Core/Button' WindowRenderers.
07/12/2022 19:04:19 (Std) 	WindowRendererFactory 'Core/Button' added. (0000029079A810E0)
07/12/2022 19:04:19 (Std) 	Created WindowRendererFactory for 'Core/Default' WindowRenderers.
07/12/2022 19:04:19 (Std) 	WindowRendererFactory 'Core/Default' added. (0000029079A83AE0)
07/12/2022 19:04:19 (Std) 	Created WindowRendererFactory for 'Core/Editbox' WindowRenderers.
07/12/2022 19:04:19 (Std) 	WindowRendererFactory 'Core/Editbox' added. (0000029079A83BE0)
07/12/2022 19:04:19 (Std) 	Created WindowRendererFactory for 'Core/FrameWindow' WindowRenderers.
07/12/2022 19:04:19 (Std) 	WindowRendererFactory 'Core/FrameWindow' added. (0000029079A831E0)
07/12/2022 19:04:19 (Std) 	Created WindowRendererFactory for 'Core/ItemEntry' WindowRenderers.
07/12/2022 19:04:19 (Std) 	WindowRendererFactory 'Core/ItemEntry' added. (0000029079A812E0)
07/12/2022 19:04:19 (Std) 	Created WindowRendererFactory for 'Core/ListHeader' WindowRenderers.
07/12/2022 19:04:19 (Std) 	WindowRendererFactory 'Core/ListHeader' added. (0000029079A815E0)
07/12/2022 19:04:19 (Std) 	Created WindowRendererFactory for 'Core/ListHeaderSegment' WindowRenderers.
07/12/2022 19:04:19 (Std) 	WindowRendererFactory 'Core/ListHeaderSegment' added. (0000029079A839E0)
07/12/2022 19:04:19 (Std) 	Created WindowRendererFactory for 'Core/Listbox' WindowRenderers.
07/12/2022 19:04:19 (Std) 	WindowRendererFactory 'Core/Listbox' added. (0000029079A82AE0)
07/12/2022 19:04:19 (Std) 	Created WindowRendererFactory for 'Core/Menubar' WindowRenderers.
07/12/2022 19:04:19 (Std) 	WindowRendererFactory 'Core/Menubar' added. (0000029079A80FE0)
07/12/2022 19:04:19 (Std) 	Created WindowRendererFactory for 'Core/MenuItem' WindowRenderers.
07/12/2022 19:04:19 (Std) 	WindowRendererFactory 'Core/MenuItem' added. (0000029079A811E0)
07/12/2022 19:04:19 (Std) 	Created WindowRendererFactory for 'Core/MultiColumnList' WindowRenderers.
07/12/2022 19:04:19 (Std) 	WindowRendererFactory 'Core/MultiColumnList' added. (0000029079A821E0)
07/12/2022 19:04:19 (Std) 	Created WindowRendererFactory for 'Core/MultiLineEditbox' WindowRenderers.
07/12/2022 19:04:19 (Std) 	WindowRendererFactory 'Core/MultiLineEditbox' added. (0000029079A82FE0)
07/12/2022 19:04:19 (Std) 	Created WindowRendererFactory for 'Core/PopupMenu' WindowRenderers.
07/12/2022 19:04:19 (Std) 	WindowRendererFactory 'Core/PopupMenu' added. (0000029079A83CE0)
07/12/2022 19:04:19 (Std) 	Created WindowRendererFactory for 'Core/ProgressBar' WindowRenderers.
07/12/2022 19:04:19 (Std) 	WindowRendererFactory 'Core/ProgressBar' added. (0000029079A827E0)
07/12/2022 19:04:19 (Std) 	Created WindowRendererFactory for 'Core/ScrollablePane' WindowRenderers.
07/12/2022 19:04:19 (Std) 	WindowRendererFactory 'Core/ScrollablePane' added. (0000029079A83DE0)
07/12/2022 19:04:19 (Std) 	Created WindowRendererFactory for 'Core/Scrollbar' WindowRenderers.
07/12/2022 19:04:19 (Std) 	WindowRendererFactory 'Core/Scrollbar' added. (0000029079A80CE0)
07/12/2022 19:04:19 (Std) 	Created WindowRendererFactory for 'Core/Slider' WindowRenderers.
07/12/2022 19:04:19 (Std) 	WindowRendererFactory 'Core/Slider' added. (0000029079A819E0)
07/12/2022 19:04:19 (Std) 	Created WindowRendererFactory for 'Core/Static' WindowRenderers.
07/12/2022 19:04:19 (Std) 	WindowRendererFactory 'Core/Static' added. (0000029079A81AE0)
07/12/2022 19:04:19 (Std) 	Created WindowRendererFactory for 'Core/StaticImage' WindowRenderers.
07/12/2022 19:04:19 (Std) 	WindowRendererFactory 'Core/StaticImage' added. (0000029079A813E0)
07/12/2022 19:04:19 (Std) 	Created WindowRendererFactory for 'Core/StaticText' WindowRenderers.
07/12/2022 19:04:19 (Std) 	WindowRendererFactory 'Core/StaticText' added. (0000029079A805E0)
07/12/2022 19:04:19 (Std) 	Created WindowRendererFactory for 'Core/TabButton' WindowRenderers.
07/12/2022 19:04:19 (Std) 	WindowRendererFactory 'Core/TabButton' added. (0000029079A837E0)
07/12/2022 19:04:19 (Std) 	Created WindowRendererFactory for 'Core/TabControl' WindowRenderers.
07/12/2022 19:04:19 (Std) 	WindowRendererFactory 'Core/TabControl' added. (0000029079A808E0)
07/12/2022 19:04:19 (Std) 	Created WindowRendererFactory for 'Core/Titlebar' WindowRenderers.
07/12/2022 19:04:19 (Std) 	WindowRendererFactory 'Core/Titlebar' added. (0000029079A814E0)
07/12/2022 19:04:19 (Std) 	Created WindowRendererFactory for 'Core/ToggleButton' WindowRenderers.
07/12/2022 19:04:19 (Std) 	WindowRendererFactory 'Core/ToggleButton' added. (0000029079A800E0)
07/12/2022 19:04:19 (Std) 	Created WindowRendererFactory for 'Core/Tooltip' WindowRenderers.
07/12/2022 19:04:19 (Std) 	WindowRendererFactory 'Core/Tooltip' added. (0000029079A828E0)
07/12/2022 19:04:19 (Std) 	Created WindowRendererFactory for 'Core/ItemListbox' WindowRenderers.
07/12/2022 19:04:19 (Std) 	WindowRendererFactory 'Core/ItemListbox' added. (0000029079A817E0)
07/12/2022 19:04:19 (Std) 	Created WindowRendererFactory for 'Core/Tree' WindowRenderers.
07/12/2022 19:04:19 (Std) 	WindowRendererFactory 'Core/Tree' added. (0000029079A809E0)
07/12/2022 19:04:19 (Std) 	Creating falagard mapping for type 'AlfiskoSkin/Label' using base type 'DefaultWindow', window renderer 'Core/Default' Look'N'Feel 'AlfiskoSkin/Label' and RenderEffect ''. (000000F748DBA5C0)
07/12/2022 19:04:19 (Std) 	Creating falagard mapping for type 'AlfiskoSkin/Button' using base type 'CEGUI/PushButton', window renderer 'Core/Button' Look'N'Feel 'AlfiskoSkin/Button' and RenderEffect ''. (000000F748DBA5C0)
07/12/2022 19:04:19 (Std) 	Creating falagard mapping for type 'AlfiskoSkin/ImageButton' using base type 'CEGUI/PushButton', window renderer 'Core/Button' Look'N'Feel 'AlfiskoSkin/ImageButton' and RenderEffect ''. (000000F748DBA5C0)
07/12/2022 19:04:19 (Std) 	Creating falagard mapping for type 'AlfiskoSkin/RadioButton' using base type 'CEGUI/RadioButton', window renderer 'Core/ToggleButton' Look'N'Feel 'AlfiskoSkin/RadioButton' and RenderEffect ''. (000000F748DBA5C0)
07/12/2022 19:04:19 (Std) 	Creating falagard mapping for type 'AlfiskoSkin/Checkbox' using base type 'CEGUI/ToggleButton', window renderer 'Core/ToggleButton' Look'N'Feel 'AlfiskoSkin/Checkbox' and RenderEffect ''. (000000F748DBA5C0)
07/12/2022 19:04:19 (Std) 	Creating falagard mapping for type 'AlfiskoSkin/Titlebar' using base type 'CEGUI/Titlebar', window renderer 'Core/Titlebar' Look'N'Feel 'AlfiskoSkin/Titlebar' and RenderEffect ''. (000000F748DBA5C0)
07/12/2022 19:04:19 (Std) 	Creating falagard mapping for type 'AlfiskoSkin/FrameWindow' using base type 'CEGUI/FrameWindow', window renderer 'Core/FrameWindow' Look'N'Feel 'AlfiskoSkin/FrameWindow' and RenderEffect ''. (000000F748DBA5C0)
07/12/2022 19:04:19 (Std) 	Creating falagard mapping for type 'AlfiskoSkin/Editbox' using base type 'CEGUI/Editbox', window renderer 'Core/Editbox' Look'N'Feel 'AlfiskoSkin/Editbox' and RenderEffect ''. (000000F748DBA5C0)
07/12/2022 19:04:19 (Std) 	Creating falagard mapping for type 'AlfiskoSkin/VerticalScrollbarThumb' using base type 'CEGUI/Thumb', window renderer 'Core/Button' Look'N'Feel 'AlfiskoSkin/VerticalScrollbarThumb' and RenderEffect ''. (000000F748DBA5C0)
07/12/2022 19:04:19 (Std) 	Creating falagard mapping for type 'AlfiskoSkin/VerticalScrollbar' using base type 'CEGUI/Scrollbar', window renderer 'Core/Scrollbar' Look'N'Feel 'AlfiskoSkin/VerticalScrollbar' and RenderEffect ''. (000000F748DBA5C0)
07/12/2022 19:04:19 (Std) 	Creating falagard mapping for type 'AlfiskoSkin/HorizontalScrollbarThumb' using base type 'CEGUI/Thumb', window renderer 'Core/Button' Look'N'Feel 'AlfiskoSkin/HorizontalScrollbarThumb' and RenderEffect ''. (000000F748DBA5C0)
07/12/2022 19:04:19 (Std) 	Creating falagard mapping for type 'AlfiskoSkin/HorizontalScrollbar' using base type 'CEGUI/Scrollbar', window renderer 'Core/Scrollbar' Look'N'Feel 'AlfiskoSkin/HorizontalScrollbar' and RenderEffect ''. (000000F748DBA5C0)
07/12/2022 19:04:19 (Std) 	Creating falagard mapping for type 'AlfiskoSkin/MultiLineEditbox' using base type 'CEGUI/MultiLineEditbox', window renderer 'Core/MultiLineEditbox' Look'N'Feel 'AlfiskoSkin/MultiLineEditbox' and RenderEffect ''. (000000F748DBA5C0)
07/12/2022 19:04:19 (Std) 	Creating falagard mapping for type 'AlfiskoSkin/ProgressBar' using base type 'CEGUI/ProgressBar', window renderer 'Core/ProgressBar' Look'N'Feel 'AlfiskoSkin/ProgressBar' and RenderEffect ''. (000000F748DBA5C0)
07/12/2022 19:04:19 (Std) 	Creating falagard mapping for type 'AlfiskoSkin/HorizontalSliderThumb' using base type 'CEGUI/Thumb', window renderer 'Core/Button' Look'N'Feel 'AlfiskoSkin/HorizontalSliderThumb' and RenderEffect ''. (000000F748DBA5C0)
07/12/2022 19:04:19 (Std) 	Creating falagard mapping for type 'AlfiskoSkin/HorizontalSlider' using base type 'CEGUI/Slider', window renderer 'Core/Slider' Look'N'Feel 'AlfiskoSkin/HorizontalSlider' and RenderEffect ''. (000000F748DBA5C0)
07/12/2022 19:04:19 (Std) 	Creating falagard mapping for type 'AlfiskoSkin/VerticalSliderThumb' using base type 'CEGUI/Thumb', window renderer 'Core/Button' Look'N'Feel 'AlfiskoSkin/VerticalSliderThumb' and RenderEffect ''. (000000F748DBA5C0)
07/12/2022 19:04:19 (Std) 	Creating falagard mapping for type 'AlfiskoSkin/VerticalSlider' using base type 'CEGUI/Slider', window renderer 'Core/Slider' Look'N'Feel 'AlfiskoSkin/VerticalSlider' and RenderEffect ''. (000000F748DBA5C0)
07/12/2022 19:04:19 (Std) 	Creating falagard mapping for type 'AlfiskoSkin/MenuItem' using base type 'CEGUI/MenuItem', window renderer 'Core/MenuItem' Look'N'Feel 'AlfiskoSkin/MenuItem' and RenderEffect ''. (000000F748DBA5C0)
07/12/2022 19:04:19 (Std) 	---- Returning existing instance of Font named 'DejaVuSans-12'.
07/12/2022 19:04:19 (Std) 	[OpenGLRenderer] Created texture: DejaVuSans-12_auto_glyph_images_32
07/12/2022 19:04:20 (Std) 	Started creation of Scheme from XML specification:
07/12/2022 19:04:20 (Std) 	---- CEGUI GUIScheme name: AlfiskoSkin
07/12/2022 19:04:20 (Std) 	---- Returning existing instance of Scheme named 'AlfiskoSkin'.
07/12/2022 19:04:20 (Std) 	---- Returning existing instance of Font named 'DejaVuSans-12'.
