c:\users\robin\documents\github\discrete_system\x64\debug\vc142.pdb
c:\users\robin\documents\github\discrete_system\x64\debug\vc142.idb
c:\users\robin\documents\github\discrete_system\x64\debug\utility.obj
c:\users\robin\documents\github\discrete_system\x64\debug\texture.obj
c:\users\robin\documents\github\discrete_system\x64\debug\sysetatdiscret.obj
c:\users\robin\documents\github\discrete_system\x64\debug\signal.obj
c:\users\robin\documents\github\discrete_system\x64\debug\polynome.obj
c:\users\robin\documents\github\discrete_system\x64\debug\matrice.obj
c:\users\robin\documents\github\discrete_system\x64\debug\main.obj
c:\users\robin\documents\github\discrete_system\x64\debug\loadconfig.obj
c:\users\robin\documents\github\discrete_system\x64\debug\keyboardmouse.obj
c:\users\robin\documents\github\discrete_system\x64\debug\ihm.obj
c:\users\robin\documents\github\discrete_system\x64\debug\fctdiscret.obj
c:\users\robin\documents\github\discrete_system\x64\debug\end.obj
c:\users\robin\documents\github\discrete_system\x64\debug\complexe.obj
c:\users\robin\documents\github\discrete_system\x64\debug\discrete_system.exe
c:\users\robin\documents\github\discrete_system\x64\debug\discrete_system.ilk
c:\users\robin\documents\github\discrete_system\x64\debug\discrete_system.pdb
c:\users\robin\documents\github\discrete_system\x64\debug\discrete_system.tlog\cl.command.1.tlog
c:\users\robin\documents\github\discrete_system\x64\debug\discrete_system.tlog\cl.read.1.tlog
c:\users\robin\documents\github\discrete_system\x64\debug\discrete_system.tlog\cl.write.1.tlog
c:\users\robin\documents\github\discrete_system\x64\debug\discrete_system.tlog\link.command.1.tlog
c:\users\robin\documents\github\discrete_system\x64\debug\discrete_system.tlog\link.read.1.tlog
c:\users\robin\documents\github\discrete_system\x64\debug\discrete_system.tlog\link.write.1.tlog
