  Complexe.cpp
  IHM.cpp
c:\users\robin\documents\github\discret_system\discrete-system\discrete system\ihm.cpp(109): warning C4459: la déclaration de 'fontFile' masque la déclaration globale
  c:\users\robin\documents\github\discret_system\discrete-system\discrete system\texture.h(56): note: voir la déclaration de 'fontFile'
c:\users\robin\documents\github\discret_system\discrete-system\discrete system\ihm.cpp(455): warning C4189: 'SDL_EnableUNICODE' : variable locale initialisée mais non référencée
c:\users\robin\documents\github\discret_system\discrete-system\discrete system\ihm.cpp(562): warning C4189: 'SDL_EnableUNICODE' : variable locale initialisée mais non référencée
c:\users\robin\documents\github\discret_system\discrete-system\discrete system\ihm.cpp(910): warning C4189: 'yminphase' : variable locale initialisée mais non référencée
c:\users\robin\documents\github\discret_system\discrete-system\discrete system\ihm.cpp(916): warning C4189: 'increment' : variable locale initialisée mais non référencée
c:\users\robin\documents\github\discret_system\discrete-system\discrete system\ihm.cpp(888): warning C4189: 'amplitudePhase' : variable locale initialisée mais non référencée
c:\users\robin\documents\github\discret_system\discrete-system\discrete system\ihm.cpp(917): warning C4189: 'nbpointParDecade' : variable locale initialisée mais non référencée
c:\users\robin\documents\github\discret_system\discrete-system\discrete system\ihm.cpp(910): warning C4189: 'ymaxphase' : variable locale initialisée mais non référencée
  Matrice.cpp
  Polynome.cpp
  FCTDiscret.cpp
  main.cpp
c:\users\robin\documents\github\discret_system\discrete-system\discrete system\main.cpp(27): warning C4100: 'argv' : paramètre formel non référencé
c:\users\robin\documents\github\discret_system\discrete-system\discrete system\main.cpp(27): warning C4100: 'argc' : paramètre formel non référencé
c:\users\robin\documents\github\discret_system\discrete-system\discrete system\main.cpp(47): warning C4189: 'SDL_EnableUNICODE' : variable locale initialisée mais non référencée
  Signal.cpp
  SYSETATDiscret.cpp
  Texture.cpp
c:\users\robin\documents\github\discret_system\discrete-system\discrete system\texture.cpp(457): warning C4238: extension non standard utilisée : classe rvalue utilisée comme lvalue
c:\users\robin\documents\github\discret_system\discrete-system\discrete system\texture.cpp(459): warning C4238: extension non standard utilisée : classe rvalue utilisée comme lvalue
c:\users\robin\documents\github\discret_system\discrete-system\discrete system\texture.cpp(472): warning C4238: extension non standard utilisée : classe rvalue utilisée comme lvalue
c:\users\robin\documents\github\discret_system\discrete-system\discrete system\texture.cpp(474): warning C4238: extension non standard utilisée : classe rvalue utilisée comme lvalue
c:\users\robin\documents\github\discret_system\discrete-system\discrete system\texture.cpp(577): warning C4238: extension non standard utilisée : classe rvalue utilisée comme lvalue
c:\users\robin\documents\github\discret_system\discrete-system\discrete system\texture.cpp(579): warning C4238: extension non standard utilisée : classe rvalue utilisée comme lvalue
c:\users\robin\documents\github\discret_system\discrete-system\discrete system\texture.cpp(592): warning C4238: extension non standard utilisée : classe rvalue utilisée comme lvalue
c:\users\robin\documents\github\discret_system\discrete-system\discrete system\texture.cpp(594): warning C4238: extension non standard utilisée : classe rvalue utilisée comme lvalue
  Génération de code en cours...
     Création de la bibliothèque C:\Users\Robin\Documents\GitHub\Discret_system\Discrete-system\Debug\Discrete system.lib et de l'objet C:\Users\Robin\Documents\GitHub\Discret_system\Discrete-system\Debug\Discrete system.exp
  Discrete system.vcxproj -> C:\Users\Robin\Documents\GitHub\Discret_system\Discrete-system\Debug\Discrete system.exe
