c:\users\e1501621\downloads\discret_system-master\discret_system-master\discrete-system\discrete system\debug\vc141.pdb
c:\users\e1501621\downloads\discret_system-master\discret_system-master\discrete-system\discrete system\debug\vc141.idb
c:\users\e1501621\downloads\discret_system-master\discret_system-master\discrete-system\discrete system\debug\fctloop.obj
c:\users\e1501621\downloads\discret_system-master\discret_system-master\discrete-system\discrete system\debug\polynome.obj
c:\users\e1501621\downloads\discret_system-master\discret_system-master\discrete-system\discrete system\debug\fctdiscret.obj
c:\users\e1501621\downloads\discret_system-master\discret_system-master\discrete-system\discrete system\debug\init.obj
c:\users\e1501621\downloads\discret_system-master\discret_system-master\discrete-system\discrete system\debug\main.obj
c:\users\e1501621\downloads\discret_system-master\discret_system-master\discrete-system\discrete system\debug\mainloop.obj
c:\users\e1501621\downloads\discret_system-master\discret_system-master\discrete-system\discrete system\debug\sysetatdiscret.obj
c:\users\e1501621\downloads\discret_system-master\discret_system-master\discrete-system\discrete system\debug\vecteur.obj
c:\users\e1501621\downloads\discret_system-master\discret_system-master\discrete-system\debug\discrete system.pdb
c:\users\e1501621\downloads\discret_system-master\discret_system-master\discrete-system\discrete system\debug\discrete system.tlog\cl.command.1.tlog
c:\users\e1501621\downloads\discret_system-master\discret_system-master\discrete-system\discrete system\debug\discrete system.tlog\cl.read.1.tlog
c:\users\e1501621\downloads\discret_system-master\discret_system-master\discrete-system\discrete system\debug\discrete system.tlog\cl.write.1.tlog
c:\users\e1501621\downloads\discret_system-master\discret_system-master\discrete-system\discrete system\debug\discrete system.tlog\link-cvtres.read.1.tlog
c:\users\e1501621\downloads\discret_system-master\discret_system-master\discrete-system\discrete system\debug\discrete system.tlog\link-cvtres.write.1.tlog
c:\users\e1501621\downloads\discret_system-master\discret_system-master\discrete-system\discrete system\debug\discrete system.tlog\link-rc.read.1.tlog
c:\users\e1501621\downloads\discret_system-master\discret_system-master\discrete-system\discrete system\debug\discrete system.tlog\link-rc.write.1.tlog
c:\users\e1501621\downloads\discret_system-master\discret_system-master\discrete-system\discrete system\debug\discrete system.tlog\link.command.1.tlog
c:\users\e1501621\downloads\discret_system-master\discret_system-master\discrete-system\discrete system\debug\discrete system.tlog\link.read.1.tlog
c:\users\e1501621\downloads\discret_system-master\discret_system-master\discrete-system\discrete system\debug\discrete system.tlog\link.write.1.tlog
